#
# There is insufficient memory for the Java Runtime Environment to continue.
# Native memory allocation (malloc) failed to allocate 413072 bytes for Chunk::new
# Possible reasons:
#   The system is out of physical RAM or swap space
#   The process is running with CompressedOops enabled, and the Java Heap may be blocking the growth of the native heap
# Possible solutions:
#   Reduce memory load on the system
#   Increase physical memory or swap space
#   Check if swap backing store is full
#   Decrease Java heap size (-Xmx/-Xms)
#   Decrease number of Java threads
#   Decrease Java thread stack sizes (-Xss)
#   Set larger code cache with -XX:ReservedCodeCacheSize=
#   JVM is running with Zero Based Compressed Oops mode in which the Java heap is
#     placed in the first 32GB address space. The Java Heap base address is the
#     maximum limit for the native heap growth. Please use -XX:HeapBaseMinAddress
#     to set the Java Heap base and to place the Java Heap above 32GB virtual address.
# This output file may be truncated or incomplete.
#
#  Out of Memory Error (allocation.cpp:389), pid=19080, tid=0x0000000000003e18
#
# JRE version: Java(TM) SE Runtime Environment (8.0_281-b09) (build 1.8.0_281-b09)
# Java VM: Java HotSpot(TM) 64-Bit Server VM (25.281-b09 mixed mode windows-amd64 compressed oops)
# Failed to write core dump. Minidumps are not enabled by default on client versions of Windows
#

---------------  T H R E A D  ---------------

Current thread (0x000002711d923800):  JavaThread "C2 CompilerThread1" daemon [_thread_in_native, id=15896, stack(0x000000e0c3700000,0x000000e0c3800000)]

Stack: [0x000000e0c3700000,0x000000e0c3800000]
Native frames: (J=compiled Java code, j=interpreted, Vv=VM code, C=native code)
V  [jvm.dll+0x32e5b9]


Current CompileTask:
C2:   3146 3691   !   4       java.util.jar.Attributes::read (380 bytes)


---------------  P R O C E S S  ---------------

Java Threads: ( => current thread )
  0x000002711d926000 JavaThread "Service Thread" daemon [_thread_blocked, id=2572, stack(0x000000e0c3a00000,0x000000e0c3b00000)]
  0x000002711d925000 JavaThread "C1 CompilerThread3" daemon [_thread_in_vm, id=1236, stack(0x000000e0c3900000,0x000000e0c3a00000)]
  0x000002711d924800 JavaThread "C2 CompilerThread2" daemon [_thread_in_native, id=8092, stack(0x000000e0c3800000,0x000000e0c3900000)]
=>0x000002711d923800 JavaThread "C2 CompilerThread1" daemon [_thread_in_native, id=15896, stack(0x000000e0c3700000,0x000000e0c3800000)]
  0x000002711d923000 JavaThread "C2 CompilerThread0" daemon [_thread_in_native, id=17648, stack(0x000000e0c3600000,0x000000e0c3700000)]
  0x000002711d202800 JavaThread "JDWP Command Reader" daemon [_thread_in_native, id=6196, stack(0x000000e0c3500000,0x000000e0c3600000)]
  0x000002711d1ed800 JavaThread "JDWP Event Helper Thread" daemon [_thread_blocked, id=2388, stack(0x000000e0c3400000,0x000000e0c3500000)]
  0x000002711d1de000 JavaThread "JDWP Transport Listener: dt_socket" daemon [_thread_blocked, id=5876, stack(0x000000e0c3300000,0x000000e0c3400000)]
  0x000002711d1d9800 JavaThread "Attach Listener" daemon [_thread_blocked, id=16588, stack(0x000000e0c3200000,0x000000e0c3300000)]
  0x000002711d1dc800 JavaThread "Signal Dispatcher" daemon [_thread_blocked, id=5556, stack(0x000000e0c3100000,0x000000e0c3200000)]
  0x000002717fe74800 JavaThread "Finalizer" daemon [_thread_blocked, id=19448, stack(0x000000e0c3000000,0x000000e0c3100000)]
  0x000002711ae7a000 JavaThread "Reference Handler" daemon [_thread_blocked, id=15240, stack(0x000000e0c2f00000,0x000000e0c3000000)]
  0x000002717fdd0800 JavaThread "main" [_thread_in_Java, id=12912, stack(0x000000e0c2300000,0x000000e0c2400000)]

Other Threads:
  0x000002711ae52800 VMThread [stack: 0x000000e0c2e00000,0x000000e0c2f00000] [id=1872]
  0x000002711d927000 WatcherThread [stack: 0x000000e0c3b00000,0x000000e0c3c00000] [id=9152]

VM state:not at safepoint (normal execution)

VM Mutex/Monitor currently owned by a thread:  ([mutex/lock_event])
[0x000002717fdd7100] CodeCache_lock - owner thread: 0x000002711d924800
[0x000002717fdced60] CompiledIC_lock - owner thread: 0x000002711d925000

heap address: 0x00000006c0c00000, size: 4084 MB, Compressed Oops mode: Zero based, Oop shift amount: 3
Narrow klass base: 0x0000000000000000, Narrow klass shift: 3
Compressed class space size: 1073741824 Address: 0x00000007c0000000

Heap:
 PSYoungGen      total 230400K, used 21391K [0x000000076af00000, 0x0000000779d00000, 0x00000007c0000000)
  eden space 218624K, 9% used [0x000000076af00000,0x000000076c3e3ec8,0x0000000778480000)
  from space 11776K, 0% used [0x0000000778600000,0x0000000778600000,0x0000000779180000)
  to   space 9728K, 0% used [0x0000000779380000,0x0000000779380000,0x0000000779d00000)
 ParOldGen       total 138240K, used 13691K [0x00000006c0c00000, 0x00000006c9300000, 0x000000076af00000)
  object space 138240K, 9% used [0x00000006c0c00000,0x00000006c195ee68,0x00000006c9300000)
 Metaspace       used 35332K, capacity 37369K, committed 37632K, reserved 1089536K
  class space    used 4672K, capacity 5033K, committed 5120K, reserved 1048576K

Card table byte_map: [0x0000027110c70000,0x0000027111470000] byte_map_base: 0x000002710d66a000

Marking Bits: (ParMarkBitMap*) 0x00000000646d6ff0
 Begin Bits: [0x00000271119d0000, 0x00000271159a0000)
 End Bits:   [0x00000271159a0000, 0x0000027119970000)

Polling page: 0x00000271000a0000

CodeCache: size=245760Kb used=12924Kb max_used=13832Kb free=232835Kb
 bounds [0x00000271018b0000, 0x0000027102640000, 0x00000271108b0000]
 total_blobs=3872 nmethods=3465 adapters=327
 compilation: disabled (not enough contiguous free space left)

Compilation events (10 events):
Event: 3.140 Thread 0x000002711d925000 3732       3       java.util.jar.Attributes::<init> (17 bytes)
Event: 3.140 Thread 0x000002711d925000 nmethod 3732 0x0000027102624c90 code [0x0000027102624e20, 0x0000027102625250]
Event: 3.140 Thread 0x000002711d925000 3729   !   3       java.security.Provider$Service::getImplClass (186 bytes)
Event: 3.141 Thread 0x000002711d925000 nmethod 3729 0x0000027102635610 code [0x0000027102635a60, 0x00000271026385f0]
Event: 3.142 Thread 0x000002711d925000 3736       3       java.util.ArrayList$SubList$1::hasNext (20 bytes)
Event: 3.142 Thread 0x000002711d925000 nmethod 3736 0x0000027102639e10 code [0x0000027102639f60, 0x000002710263a138]
Event: 3.142 Thread 0x000002711d925000 3737       3       java.util.ArrayList$SubList$1::next (79 bytes)
Event: 3.142 Thread 0x000002711d925000 nmethod 3737 0x000002710263a1d0 code [0x000002710263a3a0, 0x000002710263a950]
Event: 3.142 Thread 0x000002711d925000 3738       3       java.util.ArrayList$SubList$1::checkForComodification (26 bytes)
Event: 3.142 Thread 0x000002711d925000 nmethod 3738 0x000002710263acd0 code [0x000002710263ae40, 0x000002710263b0d0]

GC Heap History (10 events):
Event: 1.405 GC heap before
{Heap before GC invocations=5 (full 1):
 PSYoungGen      total 141824K, used 7002K [0x000000076af00000, 0x0000000774400000, 0x00000007c0000000)
  eden space 131072K, 0% used [0x000000076af00000,0x000000076af00000,0x0000000772f00000)
  from space 10752K, 65% used [0x0000000773980000,0x0000000774056bc8,0x0000000774400000)
  to   space 10752K, 0% used [0x0000000772f00000,0x0000000772f00000,0x0000000773980000)
 ParOldGen       total 175104K, used 40K [0x00000006c0c00000, 0x00000006cb700000, 0x000000076af00000)
  object space 175104K, 0% used [0x00000006c0c00000,0x00000006c0c0a000,0x00000006cb700000)
 Metaspace       used 20355K, capacity 21252K, committed 21296K, reserved 1067008K
  class space    used 2706K, capacity 2910K, committed 2944K, reserved 1048576K
Event: 1.426 GC heap after
Heap after GC invocations=5 (full 1):
 PSYoungGen      total 141824K, used 0K [0x000000076af00000, 0x0000000774400000, 0x00000007c0000000)
  eden space 131072K, 0% used [0x000000076af00000,0x000000076af00000,0x0000000772f00000)
  from space 10752K, 0% used [0x0000000773980000,0x0000000773980000,0x0000000774400000)
  to   space 10752K, 0% used [0x0000000772f00000,0x0000000772f00000,0x0000000773980000)
 ParOldGen       total 90112K, used 6743K [0x00000006c0c00000, 0x00000006c6400000, 0x000000076af00000)
  object space 90112K, 7% used [0x00000006c0c00000,0x00000006c1295eb0,0x00000006c6400000)
 Metaspace       used 20355K, capacity 21252K, committed 21296K, reserved 1067008K
  class space    used 2706K, capacity 2910K, committed 2944K, reserved 1048576K
}
Event: 1.658 GC heap before
{Heap before GC invocations=6 (full 1):
 PSYoungGen      total 141824K, used 131072K [0x000000076af00000, 0x0000000774400000, 0x00000007c0000000)
  eden space 131072K, 100% used [0x000000076af00000,0x0000000772f00000,0x0000000772f00000)
  from space 10752K, 0% used [0x0000000773980000,0x0000000773980000,0x0000000774400000)
  to   space 10752K, 0% used [0x0000000772f00000,0x0000000772f00000,0x0000000773980000)
 ParOldGen       total 90112K, used 6743K [0x00000006c0c00000, 0x00000006c6400000, 0x000000076af00000)
  object space 90112K, 7% used [0x00000006c0c00000,0x00000006c1295eb0,0x00000006c6400000)
 Metaspace       used 25794K, capacity 26942K, committed 27264K, reserved 1073152K
  class space    used 3355K, capacity 3641K, committed 3712K, reserved 1048576K
Event: 1.663 GC heap after
Heap after GC invocations=6 (full 1):
 PSYoungGen      total 141824K, used 8215K [0x000000076af00000, 0x0000000779d00000, 0x00000007c0000000)
  eden space 131072K, 0% used [0x000000076af00000,0x000000076af00000,0x0000000772f00000)
  from space 10752K, 76% used [0x0000000772f00000,0x0000000773705c18,0x0000000773980000)
  to   space 9728K, 0% used [0x0000000779380000,0x0000000779380000,0x0000000779d00000)
 ParOldGen       total 90112K, used 6751K [0x00000006c0c00000, 0x00000006c6400000, 0x000000076af00000)
  object space 90112K, 7% used [0x00000006c0c00000,0x00000006c1297eb0,0x00000006c6400000)
 Metaspace       used 25794K, capacity 26942K, committed 27264K, reserved 1073152K
  class space    used 3355K, capacity 3641K, committed 3712K, reserved 1048576K
}
Event: 2.374 GC heap before
{Heap before GC invocations=7 (full 1):
 PSYoungGen      total 141824K, used 139287K [0x000000076af00000, 0x0000000779d00000, 0x00000007c0000000)
  eden space 131072K, 100% used [0x000000076af00000,0x0000000772f00000,0x0000000772f00000)
  from space 10752K, 76% used [0x0000000772f00000,0x0000000773705c18,0x0000000773980000)
  to   space 9728K, 0% used [0x0000000779380000,0x0000000779380000,0x0000000779d00000)
 ParOldGen       total 90112K, used 6751K [0x00000006c0c00000, 0x00000006c6400000, 0x000000076af00000)
  object space 90112K, 7% used [0x00000006c0c00000,0x00000006c1297eb0,0x00000006c6400000)
 Metaspace       used 31531K, capacity 33256K, committed 33536K, reserved 1079296K
  class space    used 4174K, capacity 4522K, committed 4608K, reserved 1048576K
Event: 2.381 GC heap after
Heap after GC invocations=7 (full 1):
 PSYoungGen      total 228352K, used 9714K [0x000000076af00000, 0x0000000779d00000, 0x00000007c0000000)
  eden space 218624K, 0% used [0x000000076af00000,0x000000076af00000,0x0000000778480000)
  from space 9728K, 99% used [0x0000000779380000,0x0000000779cfcbe0,0x0000000779d00000)
  to   space 11776K, 0% used [0x0000000778600000,0x0000000778600000,0x0000000779180000)
 ParOldGen       total 90112K, used 8382K [0x00000006c0c00000, 0x00000006c6400000, 0x000000076af00000)
  object space 90112K, 9% used [0x00000006c0c00000,0x00000006c142faf8,0x00000006c6400000)
 Metaspace       used 31531K, capacity 33256K, committed 33536K, reserved 1079296K
  class space    used 4174K, capacity 4522K, committed 4608K, reserved 1048576K
}
Event: 2.670 GC heap before
{Heap before GC invocations=8 (full 1):
 PSYoungGen      total 228352K, used 80087K [0x000000076af00000, 0x0000000779d00000, 0x00000007c0000000)
  eden space 218624K, 32% used [0x000000076af00000,0x000000076f3b92e8,0x0000000778480000)
  from space 9728K, 99% used [0x0000000779380000,0x0000000779cfcbe0,0x0000000779d00000)
  to   space 11776K, 0% used [0x0000000778600000,0x0000000778600000,0x0000000779180000)
 ParOldGen       total 90112K, used 8382K [0x00000006c0c00000, 0x00000006c6400000, 0x000000076af00000)
  object space 90112K, 9% used [0x00000006c0c00000,0x00000006c142faf8,0x00000006c6400000)
 Metaspace       used 33412K, capacity 35406K, committed 35496K, reserved 1079296K
  class space    used 4445K, capacity 4807K, committed 4864K, reserved 1048576K
Event: 2.676 GC heap after
Heap after GC invocations=8 (full 1):
 PSYoungGen      total 230400K, used 8892K [0x000000076af00000, 0x0000000779d00000, 0x00000007c0000000)
  eden space 218624K, 0% used [0x000000076af00000,0x000000076af00000,0x0000000778480000)
  from space 11776K, 75% used [0x0000000778600000,0x0000000778eaf380,0x0000000779180000)
  to   space 9728K, 0% used [0x0000000779380000,0x0000000779380000,0x0000000779d00000)
 ParOldGen       total 90112K, used 8390K [0x00000006c0c00000, 0x00000006c6400000, 0x000000076af00000)
  object space 90112K, 9% used [0x00000006c0c00000,0x00000006c1431af8,0x00000006c6400000)
 Metaspace       used 33412K, capacity 35406K, committed 35496K, reserved 1079296K
  class space    used 4445K, capacity 4807K, committed 4864K, reserved 1048576K
}
Event: 2.676 GC heap before
{Heap before GC invocations=9 (full 2):
 PSYoungGen      total 230400K, used 8892K [0x000000076af00000, 0x0000000779d00000, 0x00000007c0000000)
  eden space 218624K, 0% used [0x000000076af00000,0x000000076af00000,0x0000000778480000)
  from space 11776K, 75% used [0x0000000778600000,0x0000000778eaf380,0x0000000779180000)
  to   space 9728K, 0% used [0x0000000779380000,0x0000000779380000,0x0000000779d00000)
 ParOldGen       total 90112K, used 8390K [0x00000006c0c00000, 0x00000006c6400000, 0x000000076af00000)
  object space 90112K, 9% used [0x00000006c0c00000,0x00000006c1431af8,0x00000006c6400000)
 Metaspace       used 33412K, capacity 35406K, committed 35496K, reserved 1079296K
  class space    used 4445K, capacity 4807K, committed 4864K, reserved 1048576K
Event: 2.724 GC heap after
Heap after GC invocations=9 (full 2):
 PSYoungGen      total 230400K, used 0K [0x000000076af00000, 0x0000000779d00000, 0x00000007c0000000)
  eden space 218624K, 0% used [0x000000076af00000,0x000000076af00000,0x0000000778480000)
  from space 11776K, 0% used [0x0000000778600000,0x0000000778600000,0x0000000779180000)
  to   space 9728K, 0% used [0x0000000779380000,0x0000000779380000,0x0000000779d00000)
 ParOldGen       total 138240K, used 13691K [0x00000006c0c00000, 0x00000006c9300000, 0x000000076af00000)
  object space 138240K, 9% used [0x00000006c0c00000,0x00000006c195ee68,0x00000006c9300000)
 Metaspace       used 33412K, capacity 35406K, committed 35496K, reserved 1079296K
  class space    used 4445K, capacity 4807K, committed 4864K, reserved 1048576K
}

Deoptimization events (10 events):
Event: 3.002 Thread 0x000002717fdd0800 Uncommon trap: reason=unstable_if action=reinterpret pc=0x0000027101ffa378 method=java.util.LinkedHashMap.get(Ljava/lang/Object;)Ljava/lang/Object; @ 20
Event: 3.109 Thread 0x000002717fdd0800 Uncommon trap: reason=bimorphic action=maybe_recompile pc=0x0000027101f2df20 method=java.net.URL.<init>(Ljava/net/URL;Ljava/lang/String;Ljava/net/URLStreamHandler;)V @ 504
Event: 3.109 Thread 0x000002717fdd0800 Uncommon trap: reason=unstable_if action=reinterpret pc=0x0000027101e21670 method=sun.net.util.IPAddressUtil.scan(Ljava/lang/String;JJ[C)I @ 14
Event: 3.109 Thread 0x000002717fdd0800 Uncommon trap: reason=unstable_if action=reinterpret pc=0x0000027101f2e290 method=sun.net.www.protocol.jar.Handler.parseURL(Ljava/net/URL;Ljava/lang/String;II)V @ 116
Event: 3.110 Thread 0x000002717fdd0800 Uncommon trap: reason=class_check action=maybe_recompile pc=0x0000027101bee48c method=java.util.jar.JarFile.getJarEntry(Ljava/lang/String;)Ljava/util/jar/JarEntry; @ 2
Event: 3.110 Thread 0x000002717fdd0800 Uncommon trap: reason=class_check action=maybe_recompile pc=0x0000027101bee48c method=java.util.jar.JarFile.getJarEntry(Ljava/lang/String;)Ljava/util/jar/JarEntry; @ 2
Event: 3.110 Thread 0x000002717fdd0800 Uncommon trap: reason=class_check action=maybe_recompile pc=0x0000027101bee48c method=java.util.jar.JarFile.getJarEntry(Ljava/lang/String;)Ljava/util/jar/JarEntry; @ 2
Event: 3.110 Thread 0x000002717fdd0800 Uncommon trap: reason=class_check action=maybe_recompile pc=0x0000027101bee48c method=java.util.jar.JarFile.getJarEntry(Ljava/lang/String;)Ljava/util/jar/JarEntry; @ 2
Event: 3.137 Thread 0x000002717fdd0800 Uncommon trap: reason=unstable_if action=reinterpret pc=0x0000027101f3f768 method=java.util.Properties$LineReader.readLine()I @ 252
Event: 3.137 Thread 0x000002717fdd0800 Uncommon trap: reason=unstable_if action=reinterpret pc=0x0000027101f19e28 method=java.util.Properties$LineReader.readLine()I @ 252

Classes redefined (0 events):
No events

Internal exceptions (10 events):
Event: 2.539 Thread 0x000002717fdd0800 Exception <a 'java/lang/ClassNotFoundException': org/springframework/context/ApplicationListenerCustomizer> (0x000000076cde8d68) thrown at [C:\jenkins\workspace\8-2-build-windows-amd64-cygwin\jdk8u281\880\hotspot\src\share\vm\classfile\systemDictionary.cp
Event: 2.540 Thread 0x000002717fdd0800 Exception <a 'java/lang/ClassNotFoundException': java/util/EventListenerCustomizer> (0x000000076cdfadc0) thrown at [C:\jenkins\workspace\8-2-build-windows-amd64-cygwin\jdk8u281\880\hotspot\src\share\vm\classfile\systemDictionary.cpp, line 212]
Event: 2.540 Thread 0x000002717fdd0800 Exception <a 'java/lang/ClassNotFoundException': org/springframework/beans/factory/InitializingBeanCustomizer> (0x000000076ce24900) thrown at [C:\jenkins\workspace\8-2-build-windows-amd64-cygwin\jdk8u281\880\hotspot\src\share\vm\classfile\systemDictionary
Event: 2.563 Thread 0x000002717fdd0800 Exception <a 'java/lang/NoSuchMethodError': java.lang.Object.lambda$negate$1(Ljava/lang/Object;)Z> (0x000000076cfbec88) thrown at [C:\jenkins\workspace\8-2-build-windows-amd64-cygwin\jdk8u281\880\hotspot\src\share\vm\interpreter\linkResolver.cpp, line 620
Event: 2.630 Thread 0x000002717fdd0800 Exception <a 'java/lang/ClassNotFoundException': java/lang/ObjectCustomizer> (0x000000076eaddc18) thrown at [C:\jenkins\workspace\8-2-build-windows-amd64-cygwin\jdk8u281\880\hotspot\src\share\vm\classfile\systemDictionary.cpp, line 212]
Event: 2.631 Thread 0x000002717fdd0800 Exception <a 'java/lang/ClassNotFoundException': org/flywaydb/core/FlywayCustomizer> (0x000000076eafcb68) thrown at [C:\jenkins\workspace\8-2-build-windows-amd64-cygwin\jdk8u281\880\hotspot\src\share\vm\classfile\systemDictionary.cpp, line 212]
Event: 2.632 Thread 0x000002717fdd0800 Exception <a 'java/lang/ClassNotFoundException': java/lang/ObjectCustomizer> (0x000000076eb20478) thrown at [C:\jenkins\workspace\8-2-build-windows-amd64-cygwin\jdk8u281\880\hotspot\src\share\vm\classfile\systemDictionary.cpp, line 212]
Event: 2.633 Thread 0x000002717fdd0800 Exception <a 'java/lang/ClassNotFoundException': org/springframework/boot/autoconfigure/flyway/FlywayMigrationInitializerCustomizer> (0x000000076eb566a8) thrown at [C:\jenkins\workspace\8-2-build-windows-amd64-cygwin\jdk8u281\880\hotspot\src\share\vm\clas
Event: 2.633 Thread 0x000002717fdd0800 Exception <a 'java/lang/ClassNotFoundException': org/springframework/beans/factory/InitializingBeanCustomizer> (0x000000076eb84650) thrown at [C:\jenkins\workspace\8-2-build-windows-amd64-cygwin\jdk8u281\880\hotspot\src\share\vm\classfile\systemDictionary
Event: 2.634 Thread 0x000002717fdd0800 Exception <a 'java/lang/ClassNotFoundException': org/springframework/core/OrderedCustomizer> (0x000000076eba4058) thrown at [C:\jenkins\workspace\8-2-build-windows-amd64-cygwin\jdk8u281\880\hotspot\src\share\vm\classfile\systemDictionary.cpp, line 212]

Events (10 events):
Event: 3.143 loading class sun/security/provider/JavaKeyStore$JKS
Event: 3.143 loading class sun/security/provider/JavaKeyStore
Event: 3.143 loading class sun/security/provider/JavaKeyStore done
Event: 3.143 loading class sun/security/provider/JavaKeyStore$JKS done
Event: 3.143 loading class sun/security/pkcs12/PKCS12KeyStore
Event: 3.144 loading class sun/security/pkcs12/PKCS12KeyStore done
Event: 3.144 loading class sun/security/provider/KeyStoreDelegator$1
Event: 3.144 loading class sun/security/provider/KeyStoreDelegator$1 done
Event: 3.144 loading class sun/security/provider/JavaKeyStore$TrustedCertEntry
Event: 3.144 loading class sun/security/provider/JavaKeyStore$TrustedCertEntry done


Dynamic libraries:
0x00007ff686220000 - 0x00007ff686267000 	C:\Program Files\Java\jdk1.8.0_281\bin\java.exe
0x00007ffd10eb0000 - 0x00007ffd1109c000 	C:\Windows\SYSTEM32\ntdll.dll
0x00007ffd10180000 - 0x00007ffd10233000 	C:\Windows\System32\KERNEL32.DLL
0x00007ffd0ddc0000 - 0x00007ffd0e054000 	C:\Windows\System32\KERNELBASE.dll
0x00007ffd10dd0000 - 0x00007ffd10e73000 	C:\Windows\System32\ADVAPI32.dll
0x00007ffd10560000 - 0x00007ffd105fe000 	C:\Windows\System32\msvcrt.dll
0x00007ffd0e1b0000 - 0x00007ffd0e24f000 	C:\Windows\System32\sechost.dll
0x00007ffd10440000 - 0x00007ffd10560000 	C:\Windows\System32\RPCRT4.dll
0x00007ffd0ffe0000 - 0x00007ffd10177000 	C:\Windows\System32\USER32.dll
0x00007ffd0e0c0000 - 0x00007ffd0e0e0000 	C:\Windows\System32\win32u.dll
0x00007ffd10610000 - 0x00007ffd10639000 	C:\Windows\System32\GDI32.dll
0x00007ffd0dc20000 - 0x00007ffd0ddbc000 	C:\Windows\System32\gdi32full.dll
0x00007ffd0cf80000 - 0x00007ffd0d020000 	C:\Windows\System32\msvcp_win.dll
0x00007ffd0d380000 - 0x00007ffd0d47a000 	C:\Windows\System32\ucrtbase.dll
0x00007ffcfab60000 - 0x00007ffcfadd9000 	C:\Windows\WinSxS\amd64_microsoft.windows.common-controls_6595b64144ccf1df_6.0.17763.1757_none_de724378534a71c4\COMCTL32.dll
0x00007ffd0fa10000 - 0x00007ffd0fd3e000 	C:\Windows\System32\combase.dll
0x00007ffd0d020000 - 0x00007ffd0d09f000 	C:\Windows\System32\bcryptPrimitives.dll
0x00007ffd0f980000 - 0x00007ffd0f9ae000 	C:\Windows\System32\IMM32.DLL
0x00007ffd08390000 - 0x00007ffd083a5000 	C:\Program Files\Java\jdk1.8.0_281\jre\bin\vcruntime140.dll
0x00007ffd03190000 - 0x00007ffd0322b000 	C:\Program Files\Java\jdk1.8.0_281\jre\bin\msvcp140.dll
0x0000000063ef0000 - 0x000000006474f000 	C:\Program Files\Java\jdk1.8.0_281\jre\bin\server\jvm.dll
0x00007ffd10600000 - 0x00007ffd10608000 	C:\Windows\System32\PSAPI.DLL
0x00007ffd0b100000 - 0x00007ffd0b124000 	C:\Windows\SYSTEM32\WINMM.dll
0x00007ffcf6190000 - 0x00007ffcf6199000 	C:\Windows\SYSTEM32\WSOCK32.dll
0x00007ffd07230000 - 0x00007ffd0723a000 	C:\Windows\SYSTEM32\VERSION.dll
0x00007ffd0e140000 - 0x00007ffd0e1ad000 	C:\Windows\System32\WS2_32.dll
0x00007ffd0b0a0000 - 0x00007ffd0b0cd000 	C:\Windows\SYSTEM32\WINMMBASE.dll
0x00007ffd0dbd0000 - 0x00007ffd0dc1a000 	C:\Windows\System32\cfgmgr32.dll
0x00007ffd0cf10000 - 0x00007ffd0cf21000 	C:\Windows\System32\kernel.appcore.dll
0x00007ffd09880000 - 0x00007ffd09890000 	C:\Program Files\Java\jdk1.8.0_281\jre\bin\verify.dll
0x00007ffd05cd0000 - 0x00007ffd05cfb000 	C:\Program Files\Java\jdk1.8.0_281\jre\bin\java.dll
0x00007ffcf90c0000 - 0x00007ffcf90f6000 	C:\Program Files\Java\jdk1.8.0_281\jre\bin\jdwp.dll
0x00007ffd08f80000 - 0x00007ffd08f89000 	C:\Program Files\Java\jdk1.8.0_281\jre\bin\npt.dll
0x00007ffcf9130000 - 0x00007ffcf9160000 	C:\Program Files\Java\jdk1.8.0_281\jre\bin\instrument.dll
0x00007ffd05cb0000 - 0x00007ffd05cc8000 	C:\Program Files\Java\jdk1.8.0_281\jre\bin\zip.dll
0x00007ffd0e2d0000 - 0x00007ffd0f7c9000 	C:\Windows\System32\SHELL32.dll
0x00007ffd10640000 - 0x00007ffd106e8000 	C:\Windows\System32\shcore.dll
0x00007ffd0d480000 - 0x00007ffd0dbcb000 	C:\Windows\System32\windows.storage.dll
0x00007ffd0cf30000 - 0x00007ffd0cf54000 	C:\Windows\System32\profapi.dll
0x00007ffd0ceb0000 - 0x00007ffd0cf0d000 	C:\Windows\System32\powrprof.dll
0x00007ffd0e0e0000 - 0x00007ffd0e132000 	C:\Windows\System32\shlwapi.dll
0x00007ffd0d150000 - 0x00007ffd0d167000 	C:\Windows\System32\cryptsp.dll
0x00007ffd02460000 - 0x00007ffd0246a000 	C:\Program Files\Java\jdk1.8.0_281\jre\bin\dt_socket.dll
0x00007ffd0c710000 - 0x00007ffd0c777000 	C:\Windows\system32\mswsock.dll
0x00007ffd05b70000 - 0x00007ffd05b8c000 	C:\Program Files\Java\jdk1.8.0_281\jre\bin\net.dll
0x00007ffd05b30000 - 0x00007ffd05b43000 	C:\Program Files\Java\jdk1.8.0_281\jre\bin\nio.dll
0x00007ffcfc640000 - 0x00007ffcfc64d000 	C:\Program Files\Java\jdk1.8.0_281\jre\bin\management.dll
0x00007ffcec010000 - 0x00007ffcec026000 	C:\Windows\system32\napinsp.dll
0x00007ffcebff0000 - 0x00007ffcec00a000 	C:\Windows\system32\pnrpnsp.dll
0x00007ffd0c470000 - 0x00007ffd0c536000 	C:\Windows\SYSTEM32\DNSAPI.dll
0x00007ffd10cd0000 - 0x00007ffd10cd8000 	C:\Windows\System32\NSI.dll
0x00007ffd0c430000 - 0x00007ffd0c46d000 	C:\Windows\SYSTEM32\IPHLPAPI.DLL
0x00007ffcebd80000 - 0x00007ffcebd8e000 	C:\Windows\System32\winrnr.dll
0x00007ffd096e0000 - 0x00007ffd096fb000 	C:\Windows\system32\NLAapi.dll
0x00007ffceb860000 - 0x00007ffceb875000 	C:\Windows\system32\wshbth.dll
0x00007ffd03be0000 - 0x00007ffd03bea000 	C:\Windows\System32\rasadhlp.dll
0x00007ffd07b30000 - 0x00007ffd07ba9000 	C:\Windows\System32\fwpuclnt.dll
0x00007ffd0d350000 - 0x00007ffd0d376000 	C:\Windows\System32\bcrypt.dll
0x00007ffd0c2a0000 - 0x00007ffd0c2d3000 	C:\Windows\system32\rsaenh.dll
0x00007ffd0cdb0000 - 0x00007ffd0cdd9000 	C:\Windows\SYSTEM32\USERENV.dll
0x00007ffd0c8e0000 - 0x00007ffd0c8ec000 	C:\Windows\SYSTEM32\CRYPTBASE.dll
0x00007ffd08600000 - 0x00007ffd08616000 	C:\Windows\SYSTEM32\dhcpcsvc6.DLL
0x00007ffd08570000 - 0x00007ffd0858c000 	C:\Windows\SYSTEM32\dhcpcsvc.DLL
0x00007ffcf8620000 - 0x00007ffcf8644000 	C:\Program Files\Java\jdk1.8.0_281\jre\bin\sunec.dll

VM Arguments:
jvm_args: -agentlib:jdwp=transport=dt_socket,address=127.0.0.1:2606,suspend=y,server=n -ea -Didea.test.cyclic.buffer.size=1048576 -javaagent:C:\Users\STYLIS~1\AppData\Local\Temp\captureAgent1770jars\debugger-agent.jar -Dfile.encoding=UTF-8 
java_command: com.intellij.rt.junit.JUnitStarter -ideVersion5 -junit4 com.signore.hater.MainControllerTest
java_class_path (initial): C:\Program Files\JetBrains\IntelliJ IDEA 2020.3.2\lib\idea_rt.jar;C:\Program Files\JetBrains\IntelliJ IDEA 2020.3.2\plugins\junit\lib\junit5-rt.jar;C:\Program Files\JetBrains\IntelliJ IDEA 2020.3.2\plugins\junit\lib\junit-rt.jar;C:\Program Files\Java\jdk1.8.0_281\jre\lib\charsets.jar;C:\Program Files\Java\jdk1.8.0_281\jre\lib\deploy.jar;C:\Program Files\Java\jdk1.8.0_281\jre\lib\ext\access-bridge-64.jar;C:\Program Files\Java\jdk1.8.0_281\jre\lib\ext\cldrdata.jar;C:\Program Files\Java\jdk1.8.0_281\jre\lib\ext\dnsns.jar;C:\Program Files\Java\jdk1.8.0_281\jre\lib\ext\jaccess.jar;C:\Program Files\Java\jdk1.8.0_281\jre\lib\ext\jfxrt.jar;C:\Program Files\Java\jdk1.8.0_281\jre\lib\ext\localedata.jar;C:\Program Files\Java\jdk1.8.0_281\jre\lib\ext\nashorn.jar;C:\Program Files\Java\jdk1.8.0_281\jre\lib\ext\sunec.jar;C:\Program Files\Java\jdk1.8.0_281\jre\lib\ext\sunjce_provider.jar;C:\Program Files\Java\jdk1.8.0_281\jre\lib\ext\sunmscapi.jar;C:\Program Files\Java\jdk1.8.0_281\jre\lib\ext\sunpkcs11.jar;C:\Program Files\Java\jdk1.8.0_281\jre\lib\ext\zipfs.jar;C:\Program Files\Java\jdk1.8.0_281\jre\lib\javaws.jar;C:\Program Files\Java\jdk1.8.0_281\jre\lib\jce.jar;C:\Program Files\Java\jdk1.8.0_281\jre\lib\jfr.jar;C:\Program Files\Java\jdk1.8.0_281\jre\lib\jfxswt.jar;C:\Program Files\Java\jdk1.8.0_281\jre\lib\jsse.jar;C:\Program Files\Java\jdk1.8.0_281\jre\lib\management-agent.jar;C:\Program Files\Java\jdk1.8.0_281\jre\lib\plugin.jar;C:\Program Files\Java\jdk1.8.0_281\jre\lib\resources.jar;C:\Program Files\Java\jdk1.8.0_281\jre\lib\rt.jar;E:\JavaProjects\hater\target\test-classes;E:\JavaProjects\hater\target\classes;C:\Users\Stylish Pimp\.m2\repository\org\springframework\boot\spring-boot-starter-data-jpa\2.4.3\spring-boot-starter-data-jpa-2.4.3.jar;C:\Users\Stylish Pimp\.m2\repository\org\springframework\boot\spring-boot-starter-aop\2.4.3\spring-boot-starter-aop-2.4.3.jar;C:\Users\Stylish Pimp\.m2\repository\org\aspectj\aspectjweaver\1.9.6\aspectjwea
Launcher Type: SUN_STANDARD

Environment Variables:
JAVA_HOME=C:\Program Files\Java\jdk-14.0.2
PATH=C:\Program Files\Common Files\Oracle\Java\javapath;E:\sql_course\dbhomeXE\bin;C:\Program Files (x86)\Common Files\Oracle\Java\javapath;C:\Windows\system32;C:\Windows;C:\Windows\System32\Wbem;C:\Windows\System32\WindowsPowerShell\v1.0\;C:\Windows\System32\OpenSSH\;C:\Program Files (x86)\NVIDIA Corporation\PhysX\Common;C:\Program Files\NVIDIA Corporation\NVIDIA NvDLISR;E:\Git\cmd;E:\Git\mingw64\bin;E:\Git\usr\bin;C:\Program Files\Java\jdk-14.0.2\bin;"C:\Users\Stylish Pimp\AppData\Local\Temp\Microsoft\WindowsApps;";C:\Program Files (x86)\Common Files\Oracle\Java\javapath;;C:\Program Files\JetBrains\IntelliJ IDEA 2020.3.2\bin;
USERNAME=Stylish Pimp
OS=Windows_NT
PROCESSOR_IDENTIFIER=AMD64 Family 23 Model 8 Stepping 2, AuthenticAMD



---------------  S Y S T E M  ---------------

OS: Windows 10.0 , 64 bit Build 17763 (10.0.17763.475)

CPU:total 12 (initial active 12) (12 cores per cpu, 1 threads per core) family 23 model 8 stepping 2, cmov, cx8, fxsr, mmx, sse, sse2, sse3, ssse3, sse4.1, sse4.2, popcnt, avx, avx2, aes, clmul, mmxext, 3dnowpref, lzcnt, sse4a, tsc, tscinvbit, tscinv, bmi1

Memory: 4k page, physical 16725556k(6709244k free), swap 18822708k(5124k free)

vm_info: Java HotSpot(TM) 64-Bit Server VM (25.281-b09) for windows-amd64 JRE (1.8.0_281-b09), built on Dec  9 2020 13:54:07 by "" with MS VC++ 15.9 (VS2017)

time: Thu Mar  4 18:36:01 2021
timezone: Iiaineae?neia noaiaa?oiia a?aiy
elapsed time: 3.149735 seconds (0d 0h 0m 3s)

